  main.cpp
C:\Users\ADMIN\Downloads\BanGV_lookat\BanGV_lookat\OpenGL_Demo_VS2022\OpenGL_Demo\include\vector_matrix.h(1,10): warning C4067: unexpected tokens following preprocessor directive - expected a newline
  (compiling source file 'main.cpp')
  
C:\Users\ADMIN\Downloads\BanGV_lookat\BanGV_lookat\OpenGL_Demo_VS2022\OpenGL_Demo\main.cpp(183,51): warning C4305: 'argument': truncation from 'double' to 'float'
C:\Users\ADMIN\Downloads\BanGV_lookat\BanGV_lookat\OpenGL_Demo_VS2022\OpenGL_Demo\main.cpp(183,45): warning C4305: 'argument': truncation from 'double' to 'float'
C:\Users\ADMIN\Downloads\BanGV_lookat\BanGV_lookat\OpenGL_Demo_VS2022\OpenGL_Demo\main.cpp(183,40): warning C4305: 'argument': truncation from 'double' to 'float'
C:\Users\ADMIN\Downloads\BanGV_lookat\BanGV_lookat\OpenGL_Demo_VS2022\OpenGL_Demo\main.cpp(192,50): warning C4305: 'argument': truncation from 'double' to 'float'
C:\Users\ADMIN\Downloads\BanGV_lookat\BanGV_lookat\OpenGL_Demo_VS2022\OpenGL_Demo\main.cpp(192,45): warning C4305: 'argument': truncation from 'double' to 'float'
C:\Users\ADMIN\Downloads\BanGV_lookat\BanGV_lookat\OpenGL_Demo_VS2022\OpenGL_Demo\main.cpp(192,40): warning C4305: 'argument': truncation from 'double' to 'float'
C:\Users\ADMIN\Downloads\BanGV_lookat\BanGV_lookat\OpenGL_Demo_VS2022\OpenGL_Demo\main.cpp(201,51): warning C4305: 'argument': truncation from 'double' to 'float'
C:\Users\ADMIN\Downloads\BanGV_lookat\BanGV_lookat\OpenGL_Demo_VS2022\OpenGL_Demo\main.cpp(201,46): warning C4305: 'argument': truncation from 'double' to 'float'
C:\Users\ADMIN\Downloads\BanGV_lookat\BanGV_lookat\OpenGL_Demo_VS2022\OpenGL_Demo\main.cpp(201,40): warning C4305: 'argument': truncation from 'double' to 'float'
C:\Users\ADMIN\Downloads\BanGV_lookat\BanGV_lookat\OpenGL_Demo_VS2022\OpenGL_Demo\main.cpp(210,51): warning C4305: 'argument': truncation from 'double' to 'float'
C:\Users\ADMIN\Downloads\BanGV_lookat\BanGV_lookat\OpenGL_Demo_VS2022\OpenGL_Demo\main.cpp(210,46): warning C4305: 'argument': truncation from 'double' to 'float'
C:\Users\ADMIN\Downloads\BanGV_lookat\BanGV_lookat\OpenGL_Demo_VS2022\OpenGL_Demo\main.cpp(210,40): warning C4305: 'argument': truncation from 'double' to 'float'
C:\Users\ADMIN\Downloads\BanGV_lookat\BanGV_lookat\OpenGL_Demo_VS2022\OpenGL_Demo\main.cpp(237,121): warning C4305: 'argument': truncation from 'double' to 'float'
C:\Users\ADMIN\Downloads\BanGV_lookat\BanGV_lookat\OpenGL_Demo_VS2022\OpenGL_Demo\main.cpp(237,114): warning C4305: 'argument': truncation from 'double' to 'float'
C:\Users\ADMIN\Downloads\BanGV_lookat\BanGV_lookat\OpenGL_Demo_VS2022\OpenGL_Demo\main.cpp(237,107): warning C4305: 'argument': truncation from 'double' to 'float'
C:\Users\ADMIN\Downloads\BanGV_lookat\BanGV_lookat\OpenGL_Demo_VS2022\OpenGL_Demo\main.cpp(239,120): warning C4305: 'argument': truncation from 'double' to 'float'
C:\Users\ADMIN\Downloads\BanGV_lookat\BanGV_lookat\OpenGL_Demo_VS2022\OpenGL_Demo\main.cpp(239,113): warning C4305: 'argument': truncation from 'double' to 'float'
C:\Users\ADMIN\Downloads\BanGV_lookat\BanGV_lookat\OpenGL_Demo_VS2022\OpenGL_Demo\main.cpp(239,107): warning C4305: 'argument': truncation from 'double' to 'float'
C:\Users\ADMIN\Downloads\BanGV_lookat\BanGV_lookat\OpenGL_Demo_VS2022\OpenGL_Demo\main.cpp(241,121): warning C4305: 'argument': truncation from 'double' to 'float'
C:\Users\ADMIN\Downloads\BanGV_lookat\BanGV_lookat\OpenGL_Demo_VS2022\OpenGL_Demo\main.cpp(241,114): warning C4305: 'argument': truncation from 'double' to 'float'
C:\Users\ADMIN\Downloads\BanGV_lookat\BanGV_lookat\OpenGL_Demo_VS2022\OpenGL_Demo\main.cpp(241,107): warning C4305: 'argument': truncation from 'double' to 'float'
C:\Users\ADMIN\Downloads\BanGV_lookat\BanGV_lookat\OpenGL_Demo_VS2022\OpenGL_Demo\main.cpp(243,120): warning C4305: 'argument': truncation from 'double' to 'float'
C:\Users\ADMIN\Downloads\BanGV_lookat\BanGV_lookat\OpenGL_Demo_VS2022\OpenGL_Demo\main.cpp(243,113): warning C4305: 'argument': truncation from 'double' to 'float'
C:\Users\ADMIN\Downloads\BanGV_lookat\BanGV_lookat\OpenGL_Demo_VS2022\OpenGL_Demo\main.cpp(243,107): warning C4305: 'argument': truncation from 'double' to 'float'
C:\Users\ADMIN\Downloads\BanGV_lookat\BanGV_lookat\OpenGL_Demo_VS2022\OpenGL_Demo\main.cpp(245,120): warning C4305: 'argument': truncation from 'double' to 'float'
C:\Users\ADMIN\Downloads\BanGV_lookat\BanGV_lookat\OpenGL_Demo_VS2022\OpenGL_Demo\main.cpp(245,113): warning C4305: 'argument': truncation from 'double' to 'float'
C:\Users\ADMIN\Downloads\BanGV_lookat\BanGV_lookat\OpenGL_Demo_VS2022\OpenGL_Demo\main.cpp(245,107): warning C4305: 'argument': truncation from 'double' to 'float'
C:\Users\ADMIN\Downloads\BanGV_lookat\BanGV_lookat\OpenGL_Demo_VS2022\OpenGL_Demo\main.cpp(247,121): warning C4305: 'argument': truncation from 'double' to 'float'
C:\Users\ADMIN\Downloads\BanGV_lookat\BanGV_lookat\OpenGL_Demo_VS2022\OpenGL_Demo\main.cpp(247,114): warning C4305: 'argument': truncation from 'double' to 'float'
C:\Users\ADMIN\Downloads\BanGV_lookat\BanGV_lookat\OpenGL_Demo_VS2022\OpenGL_Demo\main.cpp(247,107): warning C4305: 'argument': truncation from 'double' to 'float'
C:\Users\ADMIN\Downloads\BanGV_lookat\BanGV_lookat\OpenGL_Demo_VS2022\OpenGL_Demo\main.cpp(249,120): warning C4305: 'argument': truncation from 'double' to 'float'
C:\Users\ADMIN\Downloads\BanGV_lookat\BanGV_lookat\OpenGL_Demo_VS2022\OpenGL_Demo\main.cpp(249,113): warning C4305: 'argument': truncation from 'double' to 'float'
  OpenGL_Demo.vcxproj -> C:\Users\ADMIN\Downloads\BanGV_lookat\BanGV_lookat\OpenGL_Demo_VS2022\x64\Debug\OpenGL_Demo.exe
